{"/home/max/projects/T3A2/src/app.js": {"path":"/home/max/projects/T3A2/src/app.js","statementMap":{"0":{"start":{"line":10,"column":12},"end":{"line":10,"column":21}},"1":{"start":{"line":12,"column":0},"end":{"line":12,"column":15}},"2":{"start":{"line":14,"column":0},"end":{"line":14,"column":23}},"3":{"start":{"line":16,"column":0},"end":{"line":16,"column":69}},"4":{"start":{"line":16,"column":32},"end":{"line":16,"column":68}},"5":{"start":{"line":18,"column":0},"end":{"line":18,"column":41}},"6":{"start":{"line":20,"column":0},"end":{"line":20,"column":31}},"7":{"start":{"line":22,"column":0},"end":{"line":22,"column":35}},"8":{"start":{"line":24,"column":0},"end":{"line":24,"column":29}},"9":{"start":{"line":26,"column":0},"end":{"line":26,"column":29}}},"fnMap":{"0":{"name":"(anonymous_0)","decl":{"start":{"line":16,"column":18},"end":{"line":16,"column":19}},"loc":{"start":{"line":16,"column":32},"end":{"line":16,"column":68}},"line":16}},"branchMap":{},"s":{"0":3,"1":3,"2":3,"3":3,"4":1,"5":3,"6":3,"7":3,"8":3,"9":3},"f":{"0":1},"b":{},"_coverageSchema":"1a1c01bbd47fc00a2c39e90264f33305004495a9","hash":"17338c918f17fa48f2453afa447e5526dfd337cb"}
,"/home/max/projects/T3A2/src/db.js": {"path":"/home/max/projects/T3A2/src/db.js","statementMap":{"0":{"start":{"line":5,"column":0},"end":{"line":5,"column":15}},"1":{"start":{"line":9,"column":0},"end":{"line":9,"column":42}},"2":{"start":{"line":14,"column":22},"end":{"line":18,"column":2}},"3":{"start":{"line":19,"column":21},"end":{"line":19,"column":61}},"4":{"start":{"line":22,"column":19},"end":{"line":27,"column":2}},"5":{"start":{"line":28,"column":4},"end":{"line":30,"column":5}},"6":{"start":{"line":29,"column":8},"end":{"line":29,"column":63}},"7":{"start":{"line":31,"column":18},"end":{"line":31,"column":52}},"8":{"start":{"line":34,"column":20},"end":{"line":37,"column":2}},"9":{"start":{"line":38,"column":19},"end":{"line":38,"column":55}},"10":{"start":{"line":41,"column":25},"end":{"line":55,"column":2}},"11":{"start":{"line":48,"column":16},"end":{"line":48,"column":40}},"12":{"start":{"line":56,"column":24},"end":{"line":56,"column":70}}},"fnMap":{"0":{"name":"(anonymous_0)","decl":{"start":{"line":28,"column":41},"end":{"line":28,"column":42}},"loc":{"start":{"line":28,"column":75},"end":{"line":30,"column":5}},"line":28},"1":{"name":"(anonymous_1)","decl":{"start":{"line":47,"column":23},"end":{"line":47,"column":24}},"loc":{"start":{"line":47,"column":40},"end":{"line":49,"column":13}},"line":47}},"branchMap":{},"s":{"0":3,"1":3,"2":3,"3":3,"4":3,"5":3,"6":1,"7":3,"8":3,"9":3,"10":3,"11":0,"12":3},"f":{"0":1,"1":0},"b":{},"_coverageSchema":"1a1c01bbd47fc00a2c39e90264f33305004495a9","hash":"9ddf5e41578cb605f184a32518622321990a8d2e"}
,"/home/max/projects/T3A2/src/routes/admin.js": {"path":"/home/max/projects/T3A2/src/routes/admin.js","statementMap":{"0":{"start":{"line":4,"column":29},"end":{"line":23,"column":3}},"1":{"start":{"line":5,"column":18},"end":{"line":5,"column":45}},"2":{"start":{"line":7,"column":4},"end":{"line":9,"column":5}},"3":{"start":{"line":8,"column":6},"end":{"line":8,"column":83}},"4":{"start":{"line":11,"column":4},"end":{"line":22,"column":5}},"5":{"start":{"line":12,"column":27},"end":{"line":12,"column":77}},"6":{"start":{"line":13,"column":22},"end":{"line":13,"column":42}},"7":{"start":{"line":15,"column":6},"end":{"line":19,"column":7}},"8":{"start":{"line":16,"column":8},"end":{"line":16,"column":14}},"9":{"start":{"line":18,"column":8},"end":{"line":18,"column":88}},"10":{"start":{"line":21,"column":6},"end":{"line":21,"column":57}},"11":{"start":{"line":26,"column":18},"end":{"line":40,"column":1}},"12":{"start":{"line":27,"column":16},"end":{"line":27,"column":43}},"13":{"start":{"line":29,"column":2},"end":{"line":31,"column":3}},"14":{"start":{"line":30,"column":4},"end":{"line":30,"column":81}},"15":{"start":{"line":33,"column":2},"end":{"line":39,"column":3}},"16":{"start":{"line":34,"column":25},"end":{"line":34,"column":75}},"17":{"start":{"line":35,"column":4},"end":{"line":35,"column":34}},"18":{"start":{"line":36,"column":4},"end":{"line":36,"column":10}},"19":{"start":{"line":38,"column":4},"end":{"line":38,"column":55}}},"fnMap":{"0":{"name":"(anonymous_0)","decl":{"start":{"line":4,"column":29},"end":{"line":4,"column":30}},"loc":{"start":{"line":4,"column":49},"end":{"line":23,"column":3}},"line":4},"1":{"name":"(anonymous_1)","decl":{"start":{"line":26,"column":18},"end":{"line":26,"column":19}},"loc":{"start":{"line":26,"column":38},"end":{"line":40,"column":1}},"line":26}},"branchMap":{"0":{"loc":{"start":{"line":7,"column":4},"end":{"line":9,"column":5}},"type":"if","locations":[{"start":{"line":7,"column":4},"end":{"line":9,"column":5}},{"start":{},"end":{}}],"line":7},"1":{"loc":{"start":{"line":15,"column":6},"end":{"line":19,"column":7}},"type":"if","locations":[{"start":{"line":15,"column":6},"end":{"line":19,"column":7}},{"start":{"line":17,"column":13},"end":{"line":19,"column":7}}],"line":15},"2":{"loc":{"start":{"line":29,"column":2},"end":{"line":31,"column":3}},"type":"if","locations":[{"start":{"line":29,"column":2},"end":{"line":31,"column":3}},{"start":{},"end":{}}],"line":29}},"s":{"0":3,"1":13,"2":13,"3":0,"4":13,"5":13,"6":13,"7":13,"8":13,"9":0,"10":0,"11":3,"12":0,"13":0,"14":0,"15":0,"16":0,"17":0,"18":0,"19":0},"f":{"0":13,"1":0},"b":{"0":[0,13],"1":[13,0],"2":[0,0]},"_coverageSchema":"1a1c01bbd47fc00a2c39e90264f33305004495a9","hash":"04dc85720535dfbc75188eff2ee909505b7fa484"}
,"/home/max/projects/T3A2/src/routes/assessment_routes.js": {"path":"/home/max/projects/T3A2/src/routes/assessment_routes.js","statementMap":{"0":{"start":{"line":6,"column":15},"end":{"line":6,"column":23}},"1":{"start":{"line":9,"column":0},"end":{"line":19,"column":2}},"2":{"start":{"line":10,"column":4},"end":{"line":18,"column":5}},"3":{"start":{"line":11,"column":28},"end":{"line":14,"column":72}},"4":{"start":{"line":15,"column":8},"end":{"line":15,"column":41}},"5":{"start":{"line":17,"column":8},"end":{"line":17,"column":52}},"6":{"start":{"line":22,"column":0},"end":{"line":36,"column":2}},"7":{"start":{"line":23,"column":4},"end":{"line":35,"column":5}},"8":{"start":{"line":24,"column":28},"end":{"line":27,"column":72}},"9":{"start":{"line":28,"column":8},"end":{"line":32,"column":9}},"10":{"start":{"line":29,"column":12},"end":{"line":29,"column":45}},"11":{"start":{"line":31,"column":12},"end":{"line":31,"column":93}},"12":{"start":{"line":34,"column":8},"end":{"line":34,"column":52}},"13":{"start":{"line":39,"column":0},"end":{"line":53,"column":2}},"14":{"start":{"line":40,"column":4},"end":{"line":52,"column":5}},"15":{"start":{"line":41,"column":27},"end":{"line":44,"column":72}},"16":{"start":{"line":45,"column":8},"end":{"line":49,"column":9}},"17":{"start":{"line":46,"column":12},"end":{"line":46,"column":32}},"18":{"start":{"line":48,"column":12},"end":{"line":48,"column":63}},"19":{"start":{"line":51,"column":8},"end":{"line":51,"column":51}},"20":{"start":{"line":56,"column":0},"end":{"line":69,"column":2}},"21":{"start":{"line":57,"column":4},"end":{"line":68,"column":5}},"22":{"start":{"line":58,"column":25},"end":{"line":58,"column":28}},"23":{"start":{"line":59,"column":35},"end":{"line":63,"column":10}},"24":{"start":{"line":64,"column":8},"end":{"line":64,"column":29}},"25":{"start":{"line":65,"column":8},"end":{"line":65,"column":48}},"26":{"start":{"line":67,"column":8},"end":{"line":67,"column":52}},"27":{"start":{"line":72,"column":0},"end":{"line":87,"column":2}},"28":{"start":{"line":73,"column":4},"end":{"line":86,"column":5}},"29":{"start":{"line":74,"column":27},"end":{"line":77,"column":72}},"30":{"start":{"line":78,"column":8},"end":{"line":83,"column":5}},"31":{"start":{"line":79,"column":12},"end":{"line":79,"column":29}},"32":{"start":{"line":80,"column":12},"end":{"line":80,"column":44}},"33":{"start":{"line":82,"column":12},"end":{"line":82,"column":66}},"34":{"start":{"line":85,"column":8},"end":{"line":85,"column":52}},"35":{"start":{"line":90,"column":0},"end":{"line":101,"column":2}},"36":{"start":{"line":91,"column":4},"end":{"line":100,"column":5}},"37":{"start":{"line":92,"column":27},"end":{"line":92,"column":81}},"38":{"start":{"line":93,"column":8},"end":{"line":97,"column":9}},"39":{"start":{"line":94,"column":12},"end":{"line":94,"column":80}},"40":{"start":{"line":96,"column":12},"end":{"line":96,"column":67}},"41":{"start":{"line":99,"column":8},"end":{"line":99,"column":52}}},"fnMap":{"0":{"name":"(anonymous_0)","decl":{"start":{"line":9,"column":16},"end":{"line":9,"column":17}},"loc":{"start":{"line":9,"column":36},"end":{"line":19,"column":1}},"line":9},"1":{"name":"(anonymous_1)","decl":{"start":{"line":22,"column":34},"end":{"line":22,"column":35}},"loc":{"start":{"line":22,"column":54},"end":{"line":36,"column":1}},"line":22},"2":{"name":"(anonymous_2)","decl":{"start":{"line":39,"column":19},"end":{"line":39,"column":20}},"loc":{"start":{"line":39,"column":39},"end":{"line":53,"column":1}},"line":39},"3":{"name":"(anonymous_3)","decl":{"start":{"line":56,"column":28},"end":{"line":56,"column":29}},"loc":{"start":{"line":56,"column":48},"end":{"line":69,"column":1}},"line":56},"4":{"name":"(anonymous_4)","decl":{"start":{"line":72,"column":41},"end":{"line":72,"column":42}},"loc":{"start":{"line":72,"column":61},"end":{"line":87,"column":1}},"line":72},"5":{"name":"(anonymous_5)","decl":{"start":{"line":90,"column":44},"end":{"line":90,"column":45}},"loc":{"start":{"line":90,"column":64},"end":{"line":101,"column":1}},"line":90}},"branchMap":{"0":{"loc":{"start":{"line":28,"column":8},"end":{"line":32,"column":9}},"type":"if","locations":[{"start":{"line":28,"column":8},"end":{"line":32,"column":9}},{"start":{"line":30,"column":15},"end":{"line":32,"column":9}}],"line":28},"1":{"loc":{"start":{"line":45,"column":8},"end":{"line":49,"column":9}},"type":"if","locations":[{"start":{"line":45,"column":8},"end":{"line":49,"column":9}},{"start":{"line":47,"column":15},"end":{"line":49,"column":9}}],"line":45},"2":{"loc":{"start":{"line":78,"column":8},"end":{"line":83,"column":5}},"type":"if","locations":[{"start":{"line":78,"column":8},"end":{"line":83,"column":5}},{"start":{"line":81,"column":15},"end":{"line":83,"column":5}}],"line":78},"3":{"loc":{"start":{"line":93,"column":8},"end":{"line":97,"column":9}},"type":"if","locations":[{"start":{"line":93,"column":8},"end":{"line":97,"column":9}},{"start":{"line":95,"column":15},"end":{"line":97,"column":9}}],"line":93}},"s":{"0":3,"1":3,"2":0,"3":0,"4":0,"5":0,"6":3,"7":0,"8":0,"9":0,"10":0,"11":0,"12":0,"13":3,"14":0,"15":0,"16":0,"17":0,"18":0,"19":0,"20":3,"21":0,"22":0,"23":0,"24":0,"25":0,"26":0,"27":3,"28":0,"29":0,"30":0,"31":0,"32":0,"33":0,"34":0,"35":3,"36":0,"37":0,"38":0,"39":0,"40":0,"41":0},"f":{"0":0,"1":0,"2":0,"3":0,"4":0,"5":0},"b":{"0":[0,0],"1":[0,0],"2":[0,0],"3":[0,0]},"_coverageSchema":"1a1c01bbd47fc00a2c39e90264f33305004495a9","hash":"358d5637c743843a8e6bc1b6282f094b4c38173a"}
,"/home/max/projects/T3A2/src/routes/auth.js": {"path":"/home/max/projects/T3A2/src/routes/auth.js","statementMap":{"0":{"start":{"line":5,"column":15},"end":{"line":5,"column":23}},"1":{"start":{"line":7,"column":0},"end":{"line":33,"column":2}},"2":{"start":{"line":8,"column":35},"end":{"line":8,"column":43}},"3":{"start":{"line":10,"column":4},"end":{"line":31,"column":5}},"4":{"start":{"line":11,"column":21},"end":{"line":11,"column":58}},"5":{"start":{"line":13,"column":8},"end":{"line":15,"column":9}},"6":{"start":{"line":14,"column":12},"end":{"line":14,"column":84}},"7":{"start":{"line":17,"column":32},"end":{"line":17,"column":68}},"8":{"start":{"line":19,"column":8},"end":{"line":21,"column":9}},"9":{"start":{"line":20,"column":12},"end":{"line":20,"column":84}},"10":{"start":{"line":23,"column":28},"end":{"line":23,"column":150}},"11":{"start":{"line":25,"column":71},"end":{"line":25,"column":86}},"12":{"start":{"line":26,"column":8},"end":{"line":26,"column":60}},"13":{"start":{"line":29,"column":8},"end":{"line":29,"column":26}},"14":{"start":{"line":30,"column":8},"end":{"line":30,"column":52}}},"fnMap":{"0":{"name":"(anonymous_0)","decl":{"start":{"line":7,"column":17},"end":{"line":7,"column":18}},"loc":{"start":{"line":7,"column":37},"end":{"line":33,"column":1}},"line":7}},"branchMap":{"0":{"loc":{"start":{"line":13,"column":8},"end":{"line":15,"column":9}},"type":"if","locations":[{"start":{"line":13,"column":8},"end":{"line":15,"column":9}},{"start":{},"end":{}}],"line":13},"1":{"loc":{"start":{"line":19,"column":8},"end":{"line":21,"column":9}},"type":"if","locations":[{"start":{"line":19,"column":8},"end":{"line":21,"column":9}},{"start":{},"end":{}}],"line":19}},"s":{"0":3,"1":3,"2":2,"3":2,"4":2,"5":2,"6":1,"7":1,"8":1,"9":0,"10":1,"11":1,"12":1,"13":0,"14":0},"f":{"0":2},"b":{"0":[1,1],"1":[0,1]},"_coverageSchema":"1a1c01bbd47fc00a2c39e90264f33305004495a9","hash":"310cd7b2aa32c262d24103f8a0deed3aa02b2df9"}
,"/home/max/projects/T3A2/src/routes/skill_routes.js": {"path":"/home/max/projects/T3A2/src/routes/skill_routes.js","statementMap":{"0":{"start":{"line":5,"column":15},"end":{"line":5,"column":23}},"1":{"start":{"line":8,"column":0},"end":{"line":15,"column":2}},"2":{"start":{"line":9,"column":4},"end":{"line":14,"column":5}},"3":{"start":{"line":10,"column":23},"end":{"line":10,"column":46}},"4":{"start":{"line":11,"column":8},"end":{"line":11,"column":36}},"5":{"start":{"line":13,"column":8},"end":{"line":13,"column":52}},"6":{"start":{"line":18,"column":0},"end":{"line":29,"column":2}},"7":{"start":{"line":19,"column":4},"end":{"line":28,"column":5}},"8":{"start":{"line":20,"column":22},"end":{"line":20,"column":62}},"9":{"start":{"line":21,"column":8},"end":{"line":25,"column":9}},"10":{"start":{"line":22,"column":12},"end":{"line":22,"column":39}},"11":{"start":{"line":24,"column":12},"end":{"line":24,"column":61}},"12":{"start":{"line":27,"column":8},"end":{"line":27,"column":52}},"13":{"start":{"line":32,"column":0},"end":{"line":43,"column":2}},"14":{"start":{"line":33,"column":4},"end":{"line":42,"column":5}},"15":{"start":{"line":34,"column":23},"end":{"line":34,"column":73}},"16":{"start":{"line":35,"column":8},"end":{"line":39,"column":9}},"17":{"start":{"line":36,"column":12},"end":{"line":36,"column":40}},"18":{"start":{"line":38,"column":12},"end":{"line":38,"column":86}},"19":{"start":{"line":41,"column":8},"end":{"line":41,"column":52}},"20":{"start":{"line":46,"column":0},"end":{"line":53,"column":2}},"21":{"start":{"line":47,"column":4},"end":{"line":52,"column":5}},"22":{"start":{"line":48,"column":30},"end":{"line":48,"column":63}},"23":{"start":{"line":49,"column":8},"end":{"line":49,"column":43}},"24":{"start":{"line":51,"column":8},"end":{"line":51,"column":52}},"25":{"start":{"line":56,"column":0},"end":{"line":68,"column":2}},"26":{"start":{"line":57,"column":4},"end":{"line":67,"column":5}},"27":{"start":{"line":58,"column":22},"end":{"line":58,"column":95}},"28":{"start":{"line":59,"column":8},"end":{"line":64,"column":9}},"29":{"start":{"line":60,"column":12},"end":{"line":60,"column":24}},"30":{"start":{"line":61,"column":12},"end":{"line":61,"column":39}},"31":{"start":{"line":63,"column":12},"end":{"line":63,"column":61}},"32":{"start":{"line":66,"column":8},"end":{"line":66,"column":52}},"33":{"start":{"line":71,"column":0},"end":{"line":82,"column":2}},"34":{"start":{"line":72,"column":4},"end":{"line":81,"column":5}},"35":{"start":{"line":73,"column":22},"end":{"line":73,"column":71}},"36":{"start":{"line":74,"column":8},"end":{"line":78,"column":9}},"37":{"start":{"line":75,"column":12},"end":{"line":75,"column":75}},"38":{"start":{"line":77,"column":12},"end":{"line":77,"column":62}},"39":{"start":{"line":80,"column":8},"end":{"line":80,"column":52}}},"fnMap":{"0":{"name":"(anonymous_0)","decl":{"start":{"line":8,"column":16},"end":{"line":8,"column":17}},"loc":{"start":{"line":8,"column":36},"end":{"line":15,"column":1}},"line":8},"1":{"name":"(anonymous_1)","decl":{"start":{"line":18,"column":19},"end":{"line":18,"column":20}},"loc":{"start":{"line":18,"column":39},"end":{"line":29,"column":1}},"line":18},"2":{"name":"(anonymous_2)","decl":{"start":{"line":32,"column":28},"end":{"line":32,"column":29}},"loc":{"start":{"line":32,"column":48},"end":{"line":43,"column":1}},"line":32},"3":{"name":"(anonymous_3)","decl":{"start":{"line":46,"column":39},"end":{"line":46,"column":40}},"loc":{"start":{"line":46,"column":59},"end":{"line":53,"column":1}},"line":46},"4":{"name":"(anonymous_4)","decl":{"start":{"line":56,"column":41},"end":{"line":56,"column":42}},"loc":{"start":{"line":56,"column":61},"end":{"line":68,"column":1}},"line":56},"5":{"name":"(anonymous_5)","decl":{"start":{"line":71,"column":44},"end":{"line":71,"column":45}},"loc":{"start":{"line":71,"column":64},"end":{"line":82,"column":1}},"line":71}},"branchMap":{"0":{"loc":{"start":{"line":21,"column":8},"end":{"line":25,"column":9}},"type":"if","locations":[{"start":{"line":21,"column":8},"end":{"line":25,"column":9}},{"start":{"line":23,"column":15},"end":{"line":25,"column":9}}],"line":21},"1":{"loc":{"start":{"line":35,"column":8},"end":{"line":39,"column":9}},"type":"if","locations":[{"start":{"line":35,"column":8},"end":{"line":39,"column":9}},{"start":{"line":37,"column":15},"end":{"line":39,"column":9}}],"line":35},"2":{"loc":{"start":{"line":59,"column":8},"end":{"line":64,"column":9}},"type":"if","locations":[{"start":{"line":59,"column":8},"end":{"line":64,"column":9}},{"start":{"line":62,"column":15},"end":{"line":64,"column":9}}],"line":59},"3":{"loc":{"start":{"line":74,"column":8},"end":{"line":78,"column":9}},"type":"if","locations":[{"start":{"line":74,"column":8},"end":{"line":78,"column":9}},{"start":{"line":76,"column":15},"end":{"line":78,"column":9}}],"line":74}},"s":{"0":3,"1":3,"2":1,"3":1,"4":1,"5":0,"6":3,"7":3,"8":3,"9":2,"10":1,"11":1,"12":1,"13":3,"14":3,"15":3,"16":2,"17":1,"18":1,"19":1,"20":3,"21":2,"22":2,"23":1,"24":1,"25":3,"26":3,"27":3,"28":2,"29":1,"30":1,"31":1,"32":1,"33":3,"34":2,"35":2,"36":2,"37":1,"38":1,"39":0},"f":{"0":1,"1":3,"2":3,"3":2,"4":3,"5":2},"b":{"0":[1,1],"1":[1,1],"2":[1,1],"3":[1,1]},"_coverageSchema":"1a1c01bbd47fc00a2c39e90264f33305004495a9","hash":"5bc857eaca4f6b3857058b6defebf59702cade21"}
,"/home/max/projects/T3A2/src/routes/student_routes.js": {"path":"/home/max/projects/T3A2/src/routes/student_routes.js","statementMap":{"0":{"start":{"line":5,"column":15},"end":{"line":5,"column":23}},"1":{"start":{"line":8,"column":0},"end":{"line":15,"column":2}},"2":{"start":{"line":9,"column":4},"end":{"line":14,"column":5}},"3":{"start":{"line":10,"column":25},"end":{"line":10,"column":50}},"4":{"start":{"line":11,"column":8},"end":{"line":11,"column":39}},"5":{"start":{"line":13,"column":8},"end":{"line":13,"column":52}},"6":{"start":{"line":18,"column":0},"end":{"line":26,"column":2}},"7":{"start":{"line":19,"column":4},"end":{"line":25,"column":5}},"8":{"start":{"line":20,"column":27},"end":{"line":20,"column":43}},"9":{"start":{"line":21,"column":25},"end":{"line":21,"column":97}},"10":{"start":{"line":22,"column":8},"end":{"line":22,"column":38}},"11":{"start":{"line":24,"column":8},"end":{"line":24,"column":52}},"12":{"start":{"line":29,"column":0},"end":{"line":40,"column":2}},"13":{"start":{"line":30,"column":4},"end":{"line":39,"column":5}},"14":{"start":{"line":31,"column":24},"end":{"line":31,"column":77}},"15":{"start":{"line":32,"column":8},"end":{"line":36,"column":9}},"16":{"start":{"line":33,"column":12},"end":{"line":33,"column":41}},"17":{"start":{"line":35,"column":12},"end":{"line":35,"column":63}},"18":{"start":{"line":38,"column":8},"end":{"line":38,"column":52}},"19":{"start":{"line":43,"column":0},"end":{"line":50,"column":2}},"20":{"start":{"line":44,"column":4},"end":{"line":49,"column":5}},"21":{"start":{"line":45,"column":32},"end":{"line":45,"column":67}},"22":{"start":{"line":46,"column":8},"end":{"line":46,"column":45}},"23":{"start":{"line":48,"column":8},"end":{"line":48,"column":52}},"24":{"start":{"line":53,"column":0},"end":{"line":65,"column":2}},"25":{"start":{"line":54,"column":4},"end":{"line":64,"column":5}},"26":{"start":{"line":55,"column":24},"end":{"line":55,"column":99}},"27":{"start":{"line":56,"column":8},"end":{"line":61,"column":5}},"28":{"start":{"line":57,"column":12},"end":{"line":57,"column":26}},"29":{"start":{"line":58,"column":12},"end":{"line":58,"column":41}},"30":{"start":{"line":60,"column":12},"end":{"line":60,"column":63}},"31":{"start":{"line":63,"column":8},"end":{"line":63,"column":52}},"32":{"start":{"line":68,"column":0},"end":{"line":79,"column":2}},"33":{"start":{"line":69,"column":4},"end":{"line":78,"column":5}},"34":{"start":{"line":70,"column":24},"end":{"line":70,"column":75}},"35":{"start":{"line":71,"column":8},"end":{"line":75,"column":9}},"36":{"start":{"line":72,"column":12},"end":{"line":72,"column":77}},"37":{"start":{"line":74,"column":12},"end":{"line":74,"column":64}},"38":{"start":{"line":77,"column":8},"end":{"line":77,"column":52}}},"fnMap":{"0":{"name":"(anonymous_0)","decl":{"start":{"line":8,"column":16},"end":{"line":8,"column":17}},"loc":{"start":{"line":8,"column":36},"end":{"line":15,"column":1}},"line":8},"1":{"name":"(anonymous_1)","decl":{"start":{"line":18,"column":23},"end":{"line":18,"column":24}},"loc":{"start":{"line":18,"column":43},"end":{"line":26,"column":1}},"line":18},"2":{"name":"(anonymous_2)","decl":{"start":{"line":29,"column":19},"end":{"line":29,"column":20}},"loc":{"start":{"line":29,"column":39},"end":{"line":40,"column":1}},"line":29},"3":{"name":"(anonymous_3)","decl":{"start":{"line":43,"column":39},"end":{"line":43,"column":40}},"loc":{"start":{"line":43,"column":59},"end":{"line":50,"column":1}},"line":43},"4":{"name":"(anonymous_4)","decl":{"start":{"line":53,"column":41},"end":{"line":53,"column":42}},"loc":{"start":{"line":53,"column":61},"end":{"line":65,"column":1}},"line":53},"5":{"name":"(anonymous_5)","decl":{"start":{"line":68,"column":44},"end":{"line":68,"column":45}},"loc":{"start":{"line":68,"column":64},"end":{"line":79,"column":1}},"line":68}},"branchMap":{"0":{"loc":{"start":{"line":32,"column":8},"end":{"line":36,"column":9}},"type":"if","locations":[{"start":{"line":32,"column":8},"end":{"line":36,"column":9}},{"start":{"line":34,"column":15},"end":{"line":36,"column":9}}],"line":32},"1":{"loc":{"start":{"line":56,"column":8},"end":{"line":61,"column":5}},"type":"if","locations":[{"start":{"line":56,"column":8},"end":{"line":61,"column":5}},{"start":{"line":59,"column":15},"end":{"line":61,"column":5}}],"line":56},"2":{"loc":{"start":{"line":71,"column":8},"end":{"line":75,"column":9}},"type":"if","locations":[{"start":{"line":71,"column":8},"end":{"line":75,"column":9}},{"start":{"line":73,"column":15},"end":{"line":75,"column":9}}],"line":71}},"s":{"0":3,"1":3,"2":2,"3":2,"4":2,"5":0,"6":3,"7":0,"8":0,"9":0,"10":0,"11":0,"12":3,"13":0,"14":0,"15":0,"16":0,"17":0,"18":0,"19":3,"20":2,"21":2,"22":1,"23":1,"24":3,"25":0,"26":0,"27":0,"28":0,"29":0,"30":0,"31":0,"32":3,"33":3,"34":3,"35":2,"36":1,"37":1,"38":1},"f":{"0":2,"1":0,"2":0,"3":2,"4":0,"5":3},"b":{"0":[0,0],"1":[0,0],"2":[1,1]},"_coverageSchema":"1a1c01bbd47fc00a2c39e90264f33305004495a9","hash":"7cd9afb6e1d1dec6a7c276fab2d277c8d380948d"}
,"/home/max/projects/T3A2/src/routes/user_routes.js": {"path":"/home/max/projects/T3A2/src/routes/user_routes.js","statementMap":{"0":{"start":{"line":5,"column":19},"end":{"line":5,"column":21}},"1":{"start":{"line":7,"column":15},"end":{"line":7,"column":23}},"2":{"start":{"line":10,"column":0},"end":{"line":17,"column":2}},"3":{"start":{"line":11,"column":4},"end":{"line":16,"column":5}},"4":{"start":{"line":12,"column":22},"end":{"line":12,"column":64}},"5":{"start":{"line":13,"column":8},"end":{"line":13,"column":36}},"6":{"start":{"line":15,"column":8},"end":{"line":15,"column":52}},"7":{"start":{"line":20,"column":0},"end":{"line":28,"column":2}},"8":{"start":{"line":21,"column":4},"end":{"line":27,"column":5}},"9":{"start":{"line":22,"column":27},"end":{"line":22,"column":43}},"10":{"start":{"line":23,"column":22},"end":{"line":23,"column":111}},"11":{"start":{"line":24,"column":8},"end":{"line":24,"column":35}},"12":{"start":{"line":26,"column":8},"end":{"line":26,"column":52}},"13":{"start":{"line":31,"column":0},"end":{"line":42,"column":2}},"14":{"start":{"line":32,"column":4},"end":{"line":41,"column":5}},"15":{"start":{"line":33,"column":21},"end":{"line":33,"column":80}},"16":{"start":{"line":34,"column":8},"end":{"line":38,"column":9}},"17":{"start":{"line":35,"column":12},"end":{"line":35,"column":38}},"18":{"start":{"line":37,"column":12},"end":{"line":37,"column":63}},"19":{"start":{"line":40,"column":8},"end":{"line":40,"column":52}},"20":{"start":{"line":45,"column":0},"end":{"line":60,"column":2}},"21":{"start":{"line":46,"column":4},"end":{"line":59,"column":5}},"22":{"start":{"line":47,"column":54},"end":{"line":47,"column":62}},"23":{"start":{"line":48,"column":31},"end":{"line":48,"column":70}},"24":{"start":{"line":49,"column":24},"end":{"line":54,"column":10}},"25":{"start":{"line":55,"column":71},"end":{"line":55,"column":89}},"26":{"start":{"line":56,"column":8},"end":{"line":56,"column":49}},"27":{"start":{"line":58,"column":8},"end":{"line":58,"column":52}},"28":{"start":{"line":63,"column":0},"end":{"line":90,"column":2}},"29":{"start":{"line":64,"column":4},"end":{"line":89,"column":5}},"30":{"start":{"line":65,"column":54},"end":{"line":65,"column":62}},"31":{"start":{"line":66,"column":29},"end":{"line":66,"column":37}},"32":{"start":{"line":67,"column":8},"end":{"line":69,"column":9}},"33":{"start":{"line":68,"column":12},"end":{"line":68,"column":68}},"34":{"start":{"line":70,"column":21},"end":{"line":79,"column":9}},"35":{"start":{"line":80,"column":8},"end":{"line":86,"column":9}},"36":{"start":{"line":81,"column":12},"end":{"line":81,"column":23}},"37":{"start":{"line":82,"column":75},"end":{"line":82,"column":90}},"38":{"start":{"line":83,"column":12},"end":{"line":83,"column":53}},"39":{"start":{"line":85,"column":12},"end":{"line":85,"column":61}},"40":{"start":{"line":88,"column":8},"end":{"line":88,"column":52}},"41":{"start":{"line":93,"column":0},"end":{"line":104,"column":2}},"42":{"start":{"line":94,"column":4},"end":{"line":103,"column":5}},"43":{"start":{"line":95,"column":21},"end":{"line":95,"column":69}},"44":{"start":{"line":96,"column":8},"end":{"line":100,"column":9}},"45":{"start":{"line":97,"column":12},"end":{"line":97,"column":74}},"46":{"start":{"line":99,"column":12},"end":{"line":99,"column":61}},"47":{"start":{"line":102,"column":8},"end":{"line":102,"column":52}}},"fnMap":{"0":{"name":"(anonymous_0)","decl":{"start":{"line":10,"column":38},"end":{"line":10,"column":39}},"loc":{"start":{"line":10,"column":58},"end":{"line":17,"column":1}},"line":10},"1":{"name":"(anonymous_1)","decl":{"start":{"line":20,"column":23},"end":{"line":20,"column":24}},"loc":{"start":{"line":20,"column":43},"end":{"line":28,"column":1}},"line":20},"2":{"name":"(anonymous_2)","decl":{"start":{"line":31,"column":19},"end":{"line":31,"column":20}},"loc":{"start":{"line":31,"column":39},"end":{"line":42,"column":1}},"line":31},"3":{"name":"(anonymous_3)","decl":{"start":{"line":45,"column":39},"end":{"line":45,"column":40}},"loc":{"start":{"line":45,"column":59},"end":{"line":60,"column":1}},"line":45},"4":{"name":"(anonymous_4)","decl":{"start":{"line":63,"column":41},"end":{"line":63,"column":42}},"loc":{"start":{"line":63,"column":61},"end":{"line":90,"column":1}},"line":63},"5":{"name":"(anonymous_5)","decl":{"start":{"line":93,"column":44},"end":{"line":93,"column":45}},"loc":{"start":{"line":93,"column":64},"end":{"line":104,"column":1}},"line":93}},"branchMap":{"0":{"loc":{"start":{"line":34,"column":8},"end":{"line":38,"column":9}},"type":"if","locations":[{"start":{"line":34,"column":8},"end":{"line":38,"column":9}},{"start":{"line":36,"column":15},"end":{"line":38,"column":9}}],"line":34},"1":{"loc":{"start":{"line":67,"column":8},"end":{"line":69,"column":9}},"type":"if","locations":[{"start":{"line":67,"column":8},"end":{"line":69,"column":9}},{"start":{},"end":{}}],"line":67},"2":{"loc":{"start":{"line":80,"column":8},"end":{"line":86,"column":9}},"type":"if","locations":[{"start":{"line":80,"column":8},"end":{"line":86,"column":9}},{"start":{"line":84,"column":15},"end":{"line":86,"column":9}}],"line":80},"3":{"loc":{"start":{"line":96,"column":8},"end":{"line":100,"column":9}},"type":"if","locations":[{"start":{"line":96,"column":8},"end":{"line":100,"column":9}},{"start":{"line":98,"column":15},"end":{"line":100,"column":9}}],"line":96}},"s":{"0":3,"1":3,"2":3,"3":1,"4":1,"5":1,"6":0,"7":3,"8":0,"9":0,"10":0,"11":0,"12":0,"13":3,"14":0,"15":0,"16":0,"17":0,"18":0,"19":0,"20":3,"21":0,"22":0,"23":0,"24":0,"25":0,"26":0,"27":0,"28":3,"29":0,"30":0,"31":0,"32":0,"33":0,"34":0,"35":0,"36":0,"37":0,"38":0,"39":0,"40":0,"41":3,"42":0,"43":0,"44":0,"45":0,"46":0,"47":0},"f":{"0":1,"1":0,"2":0,"3":0,"4":0,"5":0},"b":{"0":[0,0],"1":[0,0],"2":[0,0],"3":[0,0]},"_coverageSchema":"1a1c01bbd47fc00a2c39e90264f33305004495a9","hash":"363214f013383e1f3fb9591f54542f0bc661dd9e"}
}
