TN:
SF:app.js
FN:16,(anonymous_0)
FNF:1
FNH:1
FNDA:1,(anonymous_0)
DA:10,5
DA:12,5
DA:14,5
DA:16,5
DA:18,5
DA:20,5
DA:22,5
DA:24,5
DA:26,5
LF:9
LH:9
BRF:0
BRH:0
end_of_record
TN:
SF:db.js
FN:28,(anonymous_0)
FN:47,(anonymous_1)
FNF:2
FNH:2
FNDA:4,(anonymous_0)
FNDA:3,(anonymous_1)
DA:5,5
DA:9,5
DA:14,5
DA:19,5
DA:22,5
DA:28,5
DA:29,4
DA:31,5
DA:34,5
DA:38,5
DA:41,5
DA:48,3
DA:56,5
LF:13
LH:13
BRF:0
BRH:0
end_of_record
TN:
SF:routes/admin.js
FN:5,(anonymous_0)
FN:28,(anonymous_1)
FN:46,(anonymous_2)
FNF:3
FNH:3
FNDA:13,(anonymous_0)
FNDA:1,(anonymous_1)
FNDA:10,(anonymous_2)
DA:5,5
DA:6,13
DA:8,13
DA:9,0
DA:12,13
DA:13,13
DA:14,13
DA:16,13
DA:17,13
DA:19,0
DA:23,0
DA:28,5
DA:29,1
DA:31,1
DA:32,0
DA:35,1
DA:36,1
DA:37,1
DA:38,1
DA:41,0
DA:46,5
DA:47,10
DA:49,10
DA:50,0
DA:53,10
DA:54,10
DA:55,10
DA:56,10
DA:58,10
DA:59,0
DA:61,10
DA:64,0
LF:32
LH:24
BRDA:8,0,0,0
BRDA:8,0,1,13
BRDA:16,1,0,13
BRDA:16,1,1,0
BRDA:31,2,0,0
BRDA:31,2,1,1
BRDA:49,3,0,0
BRDA:49,3,1,10
BRDA:58,4,0,0
BRDA:58,4,1,10
BRF:10
BRH:5
end_of_record
TN:
SF:routes/assessment_routes.js
FN:9,(anonymous_0)
FN:22,(anonymous_1)
FN:39,(anonymous_2)
FN:56,(anonymous_3)
FN:71,(anonymous_4)
FN:89,(anonymous_5)
FNF:6
FNH:4
FNDA:1,(anonymous_0)
FNDA:1,(anonymous_1)
FNDA:1,(anonymous_2)
FNDA:1,(anonymous_3)
FNDA:0,(anonymous_4)
FNDA:0,(anonymous_5)
DA:6,5
DA:9,5
DA:10,1
DA:11,1
DA:15,1
DA:17,0
DA:22,5
DA:23,1
DA:24,1
DA:28,1
DA:29,1
DA:31,0
DA:34,0
DA:39,5
DA:40,1
DA:41,1
DA:45,1
DA:46,1
DA:48,0
DA:51,0
DA:56,5
DA:57,1
DA:58,1
DA:59,1
DA:64,1
DA:66,0
DA:71,5
DA:72,0
DA:73,0
DA:77,0
DA:78,0
DA:79,0
DA:81,0
DA:84,0
DA:89,5
DA:90,0
DA:91,0
DA:92,0
DA:93,0
DA:95,0
DA:98,0
LF:41
LH:22
BRDA:28,0,0,1
BRDA:28,0,1,0
BRDA:45,1,0,1
BRDA:45,1,1,0
BRDA:77,2,0,0
BRDA:77,2,1,0
BRDA:92,3,0,0
BRDA:92,3,1,0
BRF:8
BRH:2
end_of_record
TN:
SF:routes/auth.js
FN:7,(anonymous_0)
FNF:1
FNH:1
FNDA:5,(anonymous_0)
DA:5,5
DA:7,5
DA:8,5
DA:10,5
DA:11,5
DA:13,5
DA:14,1
DA:17,4
DA:19,4
DA:20,0
DA:23,4
DA:25,4
DA:26,4
DA:29,0
DA:30,0
LF:15
LH:12
BRDA:13,0,0,1
BRDA:13,0,1,4
BRDA:19,1,0,0
BRDA:19,1,1,4
BRF:4
BRH:3
end_of_record
TN:
SF:routes/skill_routes.js
FN:8,(anonymous_0)
FN:18,(anonymous_1)
FN:32,(anonymous_2)
FN:46,(anonymous_3)
FN:56,(anonymous_4)
FN:71,(anonymous_5)
FNF:6
FNH:6
FNDA:1,(anonymous_0)
FNDA:3,(anonymous_1)
FNDA:3,(anonymous_2)
FNDA:1,(anonymous_3)
FNDA:2,(anonymous_4)
FNDA:3,(anonymous_5)
DA:5,5
DA:8,5
DA:9,1
DA:10,1
DA:11,1
DA:13,0
DA:18,5
DA:19,3
DA:20,3
DA:21,2
DA:22,1
DA:24,1
DA:27,1
DA:32,5
DA:33,3
DA:34,3
DA:35,2
DA:36,1
DA:38,1
DA:41,1
DA:46,5
DA:47,1
DA:48,1
DA:49,1
DA:51,0
DA:56,5
DA:57,2
DA:58,2
DA:59,1
DA:60,0
DA:61,0
DA:63,1
DA:66,1
DA:71,5
DA:72,3
DA:73,3
DA:74,2
DA:75,1
DA:77,1
DA:80,1
LF:40
LH:36
BRDA:21,0,0,1
BRDA:21,0,1,1
BRDA:35,1,0,1
BRDA:35,1,1,1
BRDA:59,2,0,0
BRDA:59,2,1,1
BRDA:74,3,0,1
BRDA:74,3,1,1
BRF:8
BRH:7
end_of_record
TN:
SF:routes/student_routes.js
FN:8,(anonymous_0)
FN:18,(anonymous_1)
FN:29,(anonymous_2)
FN:43,(anonymous_3)
FN:53,(anonymous_4)
FN:68,(anonymous_5)
FNF:6
FNH:3
FNDA:2,(anonymous_0)
FNDA:0,(anonymous_1)
FNDA:0,(anonymous_2)
FNDA:2,(anonymous_3)
FNDA:0,(anonymous_4)
FNDA:3,(anonymous_5)
DA:5,5
DA:8,5
DA:9,2
DA:10,2
DA:11,2
DA:13,0
DA:18,5
DA:19,0
DA:20,0
DA:21,0
DA:22,0
DA:24,0
DA:29,5
DA:30,0
DA:31,0
DA:32,0
DA:33,0
DA:35,0
DA:38,0
DA:43,5
DA:44,2
DA:45,2
DA:46,1
DA:48,1
DA:53,5
DA:54,0
DA:55,0
DA:56,0
DA:57,0
DA:58,0
DA:60,0
DA:63,0
DA:68,5
DA:69,3
DA:70,3
DA:71,2
DA:72,1
DA:74,1
DA:77,1
LF:39
LH:20
BRDA:32,0,0,0
BRDA:32,0,1,0
BRDA:56,1,0,0
BRDA:56,1,1,0
BRDA:71,2,0,1
BRDA:71,2,1,1
BRF:6
BRH:2
end_of_record
TN:
SF:routes/user_routes.js
FN:10,(anonymous_0)
FN:20,(anonymous_1)
FN:31,(anonymous_2)
FN:45,(anonymous_3)
FN:63,(anonymous_4)
FN:93,(anonymous_5)
FNF:6
FNH:4
FNDA:1,(anonymous_0)
FNDA:1,(anonymous_1)
FNDA:3,(anonymous_2)
FNDA:0,(anonymous_3)
FNDA:0,(anonymous_4)
FNDA:2,(anonymous_5)
DA:5,5
DA:7,5
DA:10,5
DA:11,1
DA:12,1
DA:13,1
DA:15,0
DA:20,5
DA:21,1
DA:22,1
DA:23,1
DA:24,1
DA:26,0
DA:31,5
DA:32,3
DA:33,3
DA:34,2
DA:35,1
DA:37,1
DA:40,1
DA:45,5
DA:46,0
DA:47,0
DA:48,0
DA:49,0
DA:55,0
DA:56,0
DA:58,0
DA:63,5
DA:64,0
DA:65,0
DA:66,0
DA:67,0
DA:68,0
DA:70,0
DA:80,0
DA:81,0
DA:82,0
DA:83,0
DA:85,0
DA:88,0
DA:93,5
DA:94,2
DA:95,2
DA:96,2
DA:97,1
DA:99,1
DA:102,0
LF:48
LH:26
BRDA:34,0,0,1
BRDA:34,0,1,1
BRDA:67,1,0,0
BRDA:67,1,1,0
BRDA:80,2,0,0
BRDA:80,2,1,0
BRDA:96,3,0,1
BRDA:96,3,1,1
BRF:8
BRH:4
end_of_record
