TN:
SF:app.js
FN:16,(anonymous_0)
FNF:1
FNH:1
FNDA:1,(anonymous_0)
DA:10,4
DA:12,4
DA:14,4
DA:16,4
DA:18,4
DA:20,4
DA:22,4
DA:24,4
DA:26,4
LF:9
LH:9
BRF:0
BRH:0
end_of_record
TN:
SF:db.js
FN:28,(anonymous_0)
FN:47,(anonymous_1)
FNF:2
FNH:2
FNDA:1,(anonymous_0)
FNDA:1,(anonymous_1)
DA:5,4
DA:9,4
DA:14,4
DA:19,4
DA:22,4
DA:28,4
DA:29,1
DA:31,4
DA:34,4
DA:38,4
DA:41,4
DA:48,1
DA:56,4
LF:13
LH:13
BRF:0
BRH:0
end_of_record
TN:
SF:routes/admin.js
FN:4,(anonymous_0)
FN:26,(anonymous_1)
FNF:2
FNH:2
FNDA:15,(anonymous_0)
FNDA:1,(anonymous_1)
DA:4,4
DA:5,15
DA:7,15
DA:8,0
DA:11,15
DA:12,15
DA:13,15
DA:15,15
DA:16,15
DA:18,0
DA:21,0
DA:26,4
DA:27,1
DA:29,1
DA:30,0
DA:33,1
DA:34,1
DA:35,1
DA:36,1
DA:38,0
LF:20
LH:15
BRDA:7,0,0,0
BRDA:7,0,1,15
BRDA:15,1,0,15
BRDA:15,1,1,0
BRDA:29,2,0,0
BRDA:29,2,1,1
BRF:6
BRH:3
end_of_record
TN:
SF:routes/assessment_routes.js
FN:9,(anonymous_0)
FN:22,(anonymous_1)
FN:39,(anonymous_2)
FN:56,(anonymous_3)
FN:71,(anonymous_4)
FN:89,(anonymous_5)
FNF:6
FNH:1
FNDA:0,(anonymous_0)
FNDA:0,(anonymous_1)
FNDA:0,(anonymous_2)
FNDA:1,(anonymous_3)
FNDA:0,(anonymous_4)
FNDA:0,(anonymous_5)
DA:6,4
DA:9,4
DA:10,0
DA:11,0
DA:15,0
DA:17,0
DA:22,4
DA:23,0
DA:24,0
DA:28,0
DA:29,0
DA:31,0
DA:34,0
DA:39,4
DA:40,0
DA:41,0
DA:45,0
DA:46,0
DA:48,0
DA:51,0
DA:56,4
DA:57,1
DA:58,1
DA:59,1
DA:64,1
DA:66,0
DA:71,4
DA:72,0
DA:73,0
DA:77,0
DA:78,0
DA:79,0
DA:81,0
DA:84,0
DA:89,4
DA:90,0
DA:91,0
DA:92,0
DA:93,0
DA:95,0
DA:98,0
LF:41
LH:11
BRDA:28,0,0,0
BRDA:28,0,1,0
BRDA:45,1,0,0
BRDA:45,1,1,0
BRDA:77,2,0,0
BRDA:77,2,1,0
BRDA:92,3,0,0
BRDA:92,3,1,0
BRF:8
BRH:0
end_of_record
TN:
SF:routes/auth.js
FN:7,(anonymous_0)
FNF:1
FNH:1
FNDA:2,(anonymous_0)
DA:5,4
DA:7,4
DA:8,2
DA:10,2
DA:11,2
DA:13,2
DA:14,1
DA:17,1
DA:19,1
DA:20,0
DA:23,1
DA:25,1
DA:26,1
DA:29,0
DA:30,0
LF:15
LH:12
BRDA:13,0,0,1
BRDA:13,0,1,1
BRDA:19,1,0,0
BRDA:19,1,1,1
BRF:4
BRH:3
end_of_record
TN:
SF:routes/skill_routes.js
FN:8,(anonymous_0)
FN:18,(anonymous_1)
FN:32,(anonymous_2)
FN:46,(anonymous_3)
FN:56,(anonymous_4)
FN:71,(anonymous_5)
FNF:6
FNH:6
FNDA:1,(anonymous_0)
FNDA:3,(anonymous_1)
FNDA:3,(anonymous_2)
FNDA:2,(anonymous_3)
FNDA:2,(anonymous_4)
FNDA:3,(anonymous_5)
DA:5,4
DA:8,4
DA:9,1
DA:10,1
DA:11,1
DA:13,0
DA:18,4
DA:19,3
DA:20,3
DA:21,2
DA:22,1
DA:24,1
DA:27,1
DA:32,4
DA:33,3
DA:34,3
DA:35,2
DA:36,1
DA:38,1
DA:41,1
DA:46,4
DA:47,2
DA:48,2
DA:49,1
DA:51,1
DA:56,4
DA:57,2
DA:58,2
DA:59,1
DA:60,0
DA:61,0
DA:63,1
DA:66,1
DA:71,4
DA:72,3
DA:73,3
DA:74,2
DA:75,1
DA:77,1
DA:80,1
LF:40
LH:37
BRDA:21,0,0,1
BRDA:21,0,1,1
BRDA:35,1,0,1
BRDA:35,1,1,1
BRDA:59,2,0,0
BRDA:59,2,1,1
BRDA:74,3,0,1
BRDA:74,3,1,1
BRF:8
BRH:7
end_of_record
TN:
SF:routes/student_routes.js
FN:8,(anonymous_0)
FN:18,(anonymous_1)
FN:29,(anonymous_2)
FN:43,(anonymous_3)
FN:53,(anonymous_4)
FN:68,(anonymous_5)
FNF:6
FNH:3
FNDA:2,(anonymous_0)
FNDA:0,(anonymous_1)
FNDA:0,(anonymous_2)
FNDA:2,(anonymous_3)
FNDA:0,(anonymous_4)
FNDA:3,(anonymous_5)
DA:5,4
DA:8,4
DA:9,2
DA:10,2
DA:11,2
DA:13,0
DA:18,4
DA:19,0
DA:20,0
DA:21,0
DA:22,0
DA:24,0
DA:29,4
DA:30,0
DA:31,0
DA:32,0
DA:33,0
DA:35,0
DA:38,0
DA:43,4
DA:44,2
DA:45,2
DA:46,1
DA:48,1
DA:53,4
DA:54,0
DA:55,0
DA:56,0
DA:57,0
DA:58,0
DA:60,0
DA:63,0
DA:68,4
DA:69,3
DA:70,3
DA:71,2
DA:72,1
DA:74,1
DA:77,1
LF:39
LH:20
BRDA:32,0,0,0
BRDA:32,0,1,0
BRDA:56,1,0,0
BRDA:56,1,1,0
BRDA:71,2,0,1
BRDA:71,2,1,1
BRF:6
BRH:2
end_of_record
TN:
SF:routes/user_routes.js
FN:10,(anonymous_0)
FN:20,(anonymous_1)
FN:31,(anonymous_2)
FN:45,(anonymous_3)
FN:63,(anonymous_4)
FN:93,(anonymous_5)
FNF:6
FNH:4
FNDA:1,(anonymous_0)
FNDA:1,(anonymous_1)
FNDA:3,(anonymous_2)
FNDA:0,(anonymous_3)
FNDA:0,(anonymous_4)
FNDA:2,(anonymous_5)
DA:5,4
DA:7,4
DA:10,4
DA:11,1
DA:12,1
DA:13,1
DA:15,0
DA:20,4
DA:21,1
DA:22,1
DA:23,1
DA:24,1
DA:26,0
DA:31,4
DA:32,3
DA:33,3
DA:34,2
DA:35,1
DA:37,1
DA:40,1
DA:45,4
DA:46,0
DA:47,0
DA:48,0
DA:49,0
DA:55,0
DA:56,0
DA:58,0
DA:63,4
DA:64,0
DA:65,0
DA:66,0
DA:67,0
DA:68,0
DA:70,0
DA:80,0
DA:81,0
DA:82,0
DA:83,0
DA:85,0
DA:88,0
DA:93,4
DA:94,2
DA:95,2
DA:96,2
DA:97,1
DA:99,1
DA:102,0
LF:48
LH:26
BRDA:34,0,0,1
BRDA:34,0,1,1
BRDA:67,1,0,0
BRDA:67,1,1,0
BRDA:80,2,0,0
BRDA:80,2,1,0
BRDA:96,3,0,1
BRDA:96,3,1,1
BRF:8
BRH:4
end_of_record
